<?xml version="1.0" encoding="UTF-8"?>
<testsuite name="NumbersTest" tests="1" skipped="0" failures="1" errors="0" timestamp="2021-06-14T18:28:58" hostname="LAPTOP-4KFU9O35" time="3.668">
  <properties/>
  <testcase name="start" classname="NumbersTest" time="3.668">
    <failure message="java.lang.AssertionError: Wrong answer in test #56&#10;&#10;Expected number is 77 but actual number is 14.&#10;&#10;Please find below the output of your program during this failed test.&#10;Note that the '&gt;' character indicates the beginning of the input line.&#10;&#10;---&#10;&#10;Welcome to Amazing Numbers!&#10;&#10;Supported requests:&#10;- enter a natural number to know its properties;&#10;- enter two natural numbers to obtain the properties of the list:&#10;  * the first parameter represents a starting number;&#10;  * the second parameters show how many consecutive numbers are to be processed;&#10;- two natural numbers and a property to search for;&#10;- two natural numbers and two properties to search for;&#10;- separate the parameters with one space;&#10;- enter 0 to exit.&#10;&#10;Enter a request:&#10;&gt; 1 10 palindromic buzz&#10;7 is odd, buzz, palindromic, spy, &#10;14 is even, buzz, &#10;17 is odd, buzz, &#10;21 is odd, buzz, &#10;27 is odd, buzz, &#10;28 is even, buzz, &#10;35 is odd, buzz, sunny, &#10;37 is odd, buzz, &#10;42 is even, buzz, &#10;47 is odd, buzz, &#10;&#10;Enter a request:" type="java.lang.AssertionError">java.lang.AssertionError: Wrong answer in test #56

Expected number is 77 but actual number is 14.

Please find below the output of your program during this failed test.
Note that the '&gt;' character indicates the beginning of the input line.

---

Welcome to Amazing Numbers!

Supported requests:
- enter a natural number to know its properties;
- enter two natural numbers to obtain the properties of the list:
  * the first parameter represents a starting number;
  * the second parameters show how many consecutive numbers are to be processed;
- two natural numbers and a property to search for;
- two natural numbers and two properties to search for;
- separate the parameters with one space;
- enter 0 to exit.

Enter a request:
&gt; 1 10 palindromic buzz
7 is odd, buzz, palindromic, spy, 
14 is even, buzz, 
17 is odd, buzz, 
21 is odd, buzz, 
27 is odd, buzz, 
28 is even, buzz, 
35 is odd, buzz, sunny, 
37 is odd, buzz, 
42 is even, buzz, 
47 is odd, buzz, 

Enter a request:
	at org.junit.Assert.fail(Assert.java:88)
	at org.hyperskill.hstest.stage.StageTest.start(StageTest.java:141)
	at java.base/jdk.internal.reflect.NativeMethodAccessorImpl.invoke0(Native Method)
	at java.base/jdk.internal.reflect.NativeMethodAccessorImpl.invoke(NativeMethodAccessorImpl.java:62)
	at java.base/jdk.internal.reflect.DelegatingMethodAccessorImpl.invoke(DelegatingMethodAccessorImpl.java:43)
	at java.base/java.lang.reflect.Method.invoke(Method.java:566)
	at org.junit.runners.model.FrameworkMethod$1.runReflectiveCall(FrameworkMethod.java:50)
	at org.junit.internal.runners.model.ReflectiveCallable.run(ReflectiveCallable.java:12)
	at org.junit.runners.model.FrameworkMethod.invokeExplosively(FrameworkMethod.java:47)
	at org.junit.internal.runners.statements.InvokeMethod.evaluate(InvokeMethod.java:17)
	at org.junit.runners.ParentRunner.runLeaf(ParentRunner.java:325)
	at org.junit.runners.BlockJUnit4ClassRunner.runChild(BlockJUnit4ClassRunner.java:78)
	at org.junit.runners.BlockJUnit4ClassRunner.runChild(BlockJUnit4ClassRunner.java:57)
	at org.junit.runners.ParentRunner$3.run(ParentRunner.java:290)
	at org.junit.runners.ParentRunner$1.schedule(ParentRunner.java:71)
	at org.junit.runners.ParentRunner.runChildren(ParentRunner.java:288)
	at org.junit.runners.ParentRunner.access$000(ParentRunner.java:58)
	at org.junit.runners.ParentRunner$2.evaluate(ParentRunner.java:268)
	at org.junit.runners.ParentRunner.run(ParentRunner.java:363)
	at org.gradle.api.internal.tasks.testing.junit.JUnitTestClassExecutor.runTestClass(JUnitTestClassExecutor.java:110)
	at org.gradle.api.internal.tasks.testing.junit.JUnitTestClassExecutor.execute(JUnitTestClassExecutor.java:58)
	at org.gradle.api.internal.tasks.testing.junit.JUnitTestClassExecutor.execute(JUnitTestClassExecutor.java:38)
	at org.gradle.api.internal.tasks.testing.junit.AbstractJUnitTestClassProcessor.processTestClass(AbstractJUnitTestClassProcessor.java:62)
	at org.gradle.api.internal.tasks.testing.SuiteTestClassProcessor.processTestClass(SuiteTestClassProcessor.java:51)
	at java.base/jdk.internal.reflect.NativeMethodAccessorImpl.invoke0(Native Method)
	at java.base/jdk.internal.reflect.NativeMethodAccessorImpl.invoke(NativeMethodAccessorImpl.java:62)
	at java.base/jdk.internal.reflect.DelegatingMethodAccessorImpl.invoke(DelegatingMethodAccessorImpl.java:43)
	at java.base/java.lang.reflect.Method.invoke(Method.java:566)
	at org.gradle.internal.dispatch.ReflectionDispatch.dispatch(ReflectionDispatch.java:36)
	at org.gradle.internal.dispatch.ReflectionDispatch.dispatch(ReflectionDispatch.java:24)
	at org.gradle.internal.dispatch.ContextClassLoaderDispatch.dispatch(ContextClassLoaderDispatch.java:33)
	at org.gradle.internal.dispatch.ProxyDispatchAdapter$DispatchingInvocationHandler.invoke(ProxyDispatchAdapter.java:94)
	at com.sun.proxy.$Proxy2.processTestClass(Unknown Source)
	at org.gradle.api.internal.tasks.testing.worker.TestWorker.processTestClass(TestWorker.java:119)
	at java.base/jdk.internal.reflect.NativeMethodAccessorImpl.invoke0(Native Method)
	at java.base/jdk.internal.reflect.NativeMethodAccessorImpl.invoke(NativeMethodAccessorImpl.java:62)
	at java.base/jdk.internal.reflect.DelegatingMethodAccessorImpl.invoke(DelegatingMethodAccessorImpl.java:43)
	at java.base/java.lang.reflect.Method.invoke(Method.java:566)
	at org.gradle.internal.dispatch.ReflectionDispatch.dispatch(ReflectionDispatch.java:36)
	at org.gradle.internal.dispatch.ReflectionDispatch.dispatch(ReflectionDispatch.java:24)
	at org.gradle.internal.remote.internal.hub.MessageHubBackedObjectConnection$DispatchWrapper.dispatch(MessageHubBackedObjectConnection.java:182)
	at org.gradle.internal.remote.internal.hub.MessageHubBackedObjectConnection$DispatchWrapper.dispatch(MessageHubBackedObjectConnection.java:164)
	at org.gradle.internal.remote.internal.hub.MessageHub$Handler.run(MessageHub.java:414)
	at org.gradle.internal.concurrent.ExecutorPolicy$CatchAndRecordFailures.onExecute(ExecutorPolicy.java:64)
	at org.gradle.internal.concurrent.ManagedExecutorImpl$1.run(ManagedExecutorImpl.java:48)
	at java.base/java.util.concurrent.ThreadPoolExecutor.runWorker(ThreadPoolExecutor.java:1128)
	at java.base/java.util.concurrent.ThreadPoolExecutor$Worker.run(ThreadPoolExecutor.java:628)
	at org.gradle.internal.concurrent.ThreadFactoryImpl$ManagedThreadRunnable.run(ThreadFactoryImpl.java:56)
	at java.base/java.lang.Thread.run(Thread.java:834)
</failure>
  </testcase>
  <system-out><![CDATA[?[1;31m
Start test 1?[0m
Welcome to Amazing Numbers!

Supported requests:
- enter a natural number to know its properties;
- enter two natural numbers to obtain the properties of the list:
  * the first parameter represents a starting number;
  * the second parameters show how many consecutive numbers are to be processed;
- two natural numbers and a property to search for;
- two natural numbers and two properties to search for;
- separate the parameters with one space;
- enter 0 to exit.

Enter a request:
> 0
Goodbye!
?[1;31m
Start test 2?[0m
Welcome to Amazing Numbers!

Supported requests:
- enter a natural number to know its properties;
- enter two natural numbers to obtain the properties of the list:
  * the first parameter represents a starting number;
  * the second parameters show how many consecutive numbers are to be processed;
- two natural numbers and a property to search for;
- two natural numbers and two properties to search for;
- separate the parameters with one space;
- enter 0 to exit.

Enter a request:
> -5
The first parameter should be a natural number or zero.

Enter a request:
> 0
Goodbye!
?[1;31m
Start test 3?[0m
Welcome to Amazing Numbers!

Supported requests:
- enter a natural number to know its properties;
- enter two natural numbers to obtain the properties of the list:
  * the first parameter represents a starting number;
  * the second parameters show how many consecutive numbers are to be processed;
- two natural numbers and a property to search for;
- two natural numbers and two properties to search for;
- separate the parameters with one space;
- enter 0 to exit.

Enter a request:
> -105
The first parameter should be a natural number or zero.

Enter a request:
> 0
Goodbye!
?[1;31m
Start test 4?[0m
Welcome to Amazing Numbers!

Supported requests:
- enter a natural number to know its properties;
- enter two natural numbers to obtain the properties of the list:
  * the first parameter represents a starting number;
  * the second parameters show how many consecutive numbers are to be processed;
- two natural numbers and a property to search for;
- two natural numbers and two properties to search for;
- separate the parameters with one space;
- enter 0 to exit.

Enter a request:
> -8
The first parameter should be a natural number or zero.

Enter a request:
> 0
Goodbye!
?[1;31m
Start test 5?[0m
Welcome to Amazing Numbers!

Supported requests:
- enter a natural number to know its properties;
- enter two natural numbers to obtain the properties of the list:
  * the first parameter represents a starting number;
  * the second parameters show how many consecutive numbers are to be processed;
- two natural numbers and a property to search for;
- two natural numbers and two properties to search for;
- separate the parameters with one space;
- enter 0 to exit.

Enter a request:
> -25
The first parameter should be a natural number or zero.

Enter a request:
> 0
Goodbye!
?[1;31m
Start test 6?[0m
Welcome to Amazing Numbers!

Supported requests:
- enter a natural number to know its properties;
- enter two natural numbers to obtain the properties of the list:
  * the first parameter represents a starting number;
  * the second parameters show how many consecutive numbers are to be processed;
- two natural numbers and a property to search for;
- two natural numbers and two properties to search for;
- separate the parameters with one space;
- enter 0 to exit.

Enter a request:
> -105
The first parameter should be a natural number or zero.

Enter a request:
> 0
Goodbye!
?[1;31m
Start test 7?[0m
Welcome to Amazing Numbers!

Supported requests:
- enter a natural number to know its properties;
- enter two natural numbers to obtain the properties of the list:
  * the first parameter represents a starting number;
  * the second parameters show how many consecutive numbers are to be processed;
- two natural numbers and a property to search for;
- two natural numbers and two properties to search for;
- separate the parameters with one space;
- enter 0 to exit.

Enter a request:
> 22029 -1012
The second parameter should be a natural number.

Enter a request:
> 0
Goodbye!
?[1;31m
Start test 8?[0m
Welcome to Amazing Numbers!

Supported requests:
- enter a natural number to know its properties;
- enter two natural numbers to obtain the properties of the list:
  * the first parameter represents a starting number;
  * the second parameters show how many consecutive numbers are to be processed;
- two natural numbers and a property to search for;
- two natural numbers and two properties to search for;
- separate the parameters with one space;
- enter 0 to exit.

Enter a request:
> 13333 -10337
The second parameter should be a natural number.

Enter a request:
> 0
Goodbye!
?[1;31m
Start test 9?[0m
Welcome to Amazing Numbers!

Supported requests:
- enter a natural number to know its properties;
- enter two natural numbers to obtain the properties of the list:
  * the first parameter represents a starting number;
  * the second parameters show how many consecutive numbers are to be processed;
- two natural numbers and a property to search for;
- two natural numbers and two properties to search for;
- separate the parameters with one space;
- enter 0 to exit.

Enter a request:
> 26460 -21259
The second parameter should be a natural number.

Enter a request:
> 0
Goodbye!
?[1;31m
Start test 10?[0m
Welcome to Amazing Numbers!

Supported requests:
- enter a natural number to know its properties;
- enter two natural numbers to obtain the properties of the list:
  * the first parameter represents a starting number;
  * the second parameters show how many consecutive numbers are to be processed;
- two natural numbers and a property to search for;
- two natural numbers and two properties to search for;
- separate the parameters with one space;
- enter 0 to exit.

Enter a request:
> 4633 -14218
The second parameter should be a natural number.

Enter a request:
> 0
Goodbye!
?[1;31m
Start test 11?[0m
Welcome to Amazing Numbers!

Supported requests:
- enter a natural number to know its properties;
- enter two natural numbers to obtain the properties of the list:
  * the first parameter represents a starting number;
  * the second parameters show how many consecutive numbers are to be processed;
- two natural numbers and a property to search for;
- two natural numbers and two properties to search for;
- separate the parameters with one space;
- enter 0 to exit.

Enter a request:
> 24423 -19635
The second parameter should be a natural number.

Enter a request:
> 0
Goodbye!
?[1;31m
Start test 12?[0m
Welcome to Amazing Numbers!

Supported requests:
- enter a natural number to know its properties;
- enter two natural numbers to obtain the properties of the list:
  * the first parameter represents a starting number;
  * the second parameters show how many consecutive numbers are to be processed;
- two natural numbers and a property to search for;
- two natural numbers and two properties to search for;
- separate the parameters with one space;
- enter 0 to exit.

Enter a request:
> 30174 -32226
The second parameter should be a natural number.

Enter a request:
> 0
Goodbye!
?[1;31m
Start test 13?[0m
Welcome to Amazing Numbers!

Supported requests:
- enter a natural number to know its properties;
- enter two natural numbers to obtain the properties of the list:
  * the first parameter represents a starting number;
  * the second parameters show how many consecutive numbers are to be processed;
- two natural numbers and a property to search for;
- two natural numbers and two properties to search for;
- separate the parameters with one space;
- enter 0 to exit.

Enter a request:
> 2410 -25298
The second parameter should be a natural number.

Enter a request:
> 0
Goodbye!
?[1;31m
Start test 14?[0m
Welcome to Amazing Numbers!

Supported requests:
- enter a natural number to know its properties;
- enter two natural numbers to obtain the properties of the list:
  * the first parameter represents a starting number;
  * the second parameters show how many consecutive numbers are to be processed;
- two natural numbers and a property to search for;
- two natural numbers and two properties to search for;
- separate the parameters with one space;
- enter 0 to exit.

Enter a request:
> 7046 -12007
The second parameter should be a natural number.

Enter a request:
> 0
Goodbye!
?[1;31m
Start test 15?[0m
Welcome to Amazing Numbers!

Supported requests:
- enter a natural number to know its properties;
- enter two natural numbers to obtain the properties of the list:
  * the first parameter represents a starting number;
  * the second parameters show how many consecutive numbers are to be processed;
- two natural numbers and a property to search for;
- two natural numbers and two properties to search for;
- separate the parameters with one space;
- enter 0 to exit.

Enter a request:
> 10859 -6717
The second parameter should be a natural number.

Enter a request:
> 0
Goodbye!
?[1;31m
Start test 16?[0m
Welcome to Amazing Numbers!

Supported requests:
- enter a natural number to know its properties;
- enter two natural numbers to obtain the properties of the list:
  * the first parameter represents a starting number;
  * the second parameters show how many consecutive numbers are to be processed;
- two natural numbers and a property to search for;
- two natural numbers and two properties to search for;
- separate the parameters with one space;
- enter 0 to exit.

Enter a request:
> 375 -11622
The second parameter should be a natural number.

Enter a request:
> 0
Goodbye!
?[1;31m
Start test 17?[0m
Welcome to Amazing Numbers!

Supported requests:
- enter a natural number to know its properties;
- enter two natural numbers to obtain the properties of the list:
  * the first parameter represents a starting number;
  * the second parameters show how many consecutive numbers are to be processed;
- two natural numbers and a property to search for;
- two natural numbers and two properties to search for;
- separate the parameters with one space;
- enter 0 to exit.

Enter a request:
> 1
Properties of 1
buzz: false
duck: false
palindromic: true
gapful: false
spy: true
even: false
odd: true
square: true
sunny: false

Enter a request:
> 2
Properties of 2
buzz: false
duck: false
palindromic: true
gapful: false
spy: true
even: true
odd: false
square: false
sunny: false

Enter a request:
> 3
Properties of 3
buzz: false
duck: false
palindromic: true
gapful: false
spy: true
even: false
odd: true
square: false
sunny: true

Enter a request:
> 4
Properties of 4
buzz: false
duck: false
palindromic: true
gapful: false
spy: true
even: true
odd: false
square: true
sunny: false

Enter a request:
> 5
Properties of 5
buzz: false
duck: false
palindromic: true
gapful: false
spy: true
even: false
odd: true
square: false
sunny: false

Enter a request:
> 6
Properties of 6
buzz: false
duck: false
palindromic: true
gapful: false
spy: true
even: true
odd: false
square: false
sunny: false

Enter a request:
> 7
Properties of 7
buzz: true
duck: false
palindromic: true
gapful: false
spy: true
even: false
odd: true
square: false
sunny: false

Enter a request:
> 8
Properties of 8
buzz: false
duck: false
palindromic: true
gapful: false
spy: true
even: true
odd: false
square: false
sunny: true

Enter a request:
> 9
Properties of 9
buzz: false
duck: false
palindromic: true
gapful: false
spy: true
even: false
odd: true
square: true
sunny: false

Enter a request:
> 10
Properties of 10
buzz: false
duck: true
palindromic: false
gapful: false
spy: false
even: true
odd: false
square: false
sunny: false

Enter a request:
> 11
Properties of 11
buzz: false
duck: false
palindromic: true
gapful: false
spy: false
even: false
odd: true
square: false
sunny: false

Enter a request:
> 12
Properties of 12
buzz: false
duck: false
palindromic: false
gapful: false
spy: false
even: true
odd: false
square: false
sunny: false

Enter a request:
> 13
Properties of 13
buzz: false
duck: false
palindromic: false
gapful: false
spy: false
even: false
odd: true
square: false
sunny: false

Enter a request:
> 14
Properties of 14
buzz: true
duck: false
palindromic: false
gapful: false
spy: false
even: true
odd: false
square: false
sunny: false

Enter a request:
> 6752715585387549448
Properties of 6752715585387549448
buzz: false
duck: false
palindromic: false
gapful: false
spy: false
even: true
odd: false
square: false
sunny: false

Enter a request:
> 7593434584335611802
Properties of 7593434584335611802
buzz: true
duck: true
palindromic: false
gapful: false
spy: false
even: true
odd: false
square: false
sunny: false

Enter a request:
> 4877384373181535446
Properties of 4877384373181535446
buzz: true
duck: false
palindromic: false
gapful: false
spy: false
even: true
odd: false
square: false
sunny: false

Enter a request:
> 7366177278225914398
Properties of 7366177278225914398
buzz: false
duck: false
palindromic: false
gapful: false
spy: false
even: true
odd: false
square: false
sunny: false

Enter a request:
> 4727504181360028775
Properties of 4727504181360028775
buzz: true
duck: true
palindromic: false
gapful: false
spy: false
even: false
odd: true
square: false
sunny: false

Enter a request:
> 2346624236981275434
Properties of 2346624236981275434
buzz: false
duck: false
palindromic: false
gapful: false
spy: false
even: true
odd: false
square: false
sunny: false

Enter a request:
> 817699272013523769
Properties of 817699272013523769
buzz: false
duck: true
palindromic: false
gapful: false
spy: false
even: false
odd: true
square: false
sunny: false

Enter a request:
> 3535180467971878043
Properties of 3535180467971878043
buzz: false
duck: true
palindromic: false
gapful: false
spy: false
even: false
odd: true
square: false
sunny: false

Enter a request:
> 3664393466809329814
Properties of 3664393466809329814
buzz: true
duck: true
palindromic: false
gapful: false
spy: false
even: true
odd: false
square: false
sunny: false

Enter a request:
> 9189699188869118537
Properties of 9189699188869118537
buzz: true
duck: false
palindromic: false
gapful: false
spy: false
even: false
odd: true
square: false
sunny: false

Enter a request:
> 0
Goodbye!
?[1;31m
Start test 18?[0m
Welcome to Amazing Numbers!

Supported requests:
- enter a natural number to know its properties;
- enter two natural numbers to obtain the properties of the list:
  * the first parameter represents a starting number;
  * the second parameters show how many consecutive numbers are to be processed;
- two natural numbers and a property to search for;
- two natural numbers and two properties to search for;
- separate the parameters with one space;
- enter 0 to exit.

Enter a request:
> 1 15
1 is odd, palindromic, spy, square
2 is even, palindromic, spy
3 is odd, palindromic, spy, sunny
4 is even, palindromic, spy, square
5 is odd, palindromic, spy
6 is even, palindromic, spy
7 is odd, buzz, palindromic, spy
8 is even, palindromic, spy, sunny
9 is odd, palindromic, spy, square
10 is even, duck
11 is odd, palindromic
12 is even
13 is odd
14 is even, buzz
15 is odd, sunny

Enter a request:
> 0
Goodbye!
?[1;31m
Start test 19?[0m
Welcome to Amazing Numbers!

Supported requests:
- enter a natural number to know its properties;
- enter two natural numbers to obtain the properties of the list:
  * the first parameter represents a starting number;
  * the second parameters show how many consecutive numbers are to be processed;
- two natural numbers and a property to search for;
- two natural numbers and two properties to search for;
- separate the parameters with one space;
- enter 0 to exit.

Enter a request:
> 5702603994436701786 1
5702603994436701786 is even, buzz, duck

Enter a request:
> 0
Goodbye!
?[1;31m
Start test 20?[0m
Welcome to Amazing Numbers!

Supported requests:
- enter a natural number to know its properties;
- enter two natural numbers to obtain the properties of the list:
  * the first parameter represents a starting number;
  * the second parameters show how many consecutive numbers are to be processed;
- two natural numbers and a property to search for;
- two natural numbers and two properties to search for;
- separate the parameters with one space;
- enter 0 to exit.

Enter a request:
> 1914020661212693229 11
1914020661212693229 is odd, buzz, duck
1914020661212693230 is even, duck, gapful
1914020661212693231 is odd, duck, gapful
1914020661212693232 is even, duck, gapful
1914020661212693233 is odd, duck
1914020661212693234 is even, duck
1914020661212693235 is odd, duck, gapful
1914020661212693236 is even, buzz, duck
1914020661212693237 is odd, buzz, duck
1914020661212693238 is even, duck
1914020661212693239 is odd, duck

Enter a request:
> 0
Goodbye!
?[1;31m
Start test 21?[0m
Welcome to Amazing Numbers!

Supported requests:
- enter a natural number to know its properties;
- enter two natural numbers to obtain the properties of the list:
  * the first parameter represents a starting number;
  * the second parameters show how many consecutive numbers are to be processed;
- two natural numbers and a property to search for;
- two natural numbers and two properties to search for;
- separate the parameters with one space;
- enter 0 to exit.

Enter a request:
> 6805350341447499517 3
6805350341447499517 is odd, buzz, duck
6805350341447499518 is even, duck
6805350341447499519 is odd, duck

Enter a request:
> 0
Goodbye!
?[1;31m
Start test 22?[0m
Welcome to Amazing Numbers!

Supported requests:
- enter a natural number to know its properties;
- enter two natural numbers to obtain the properties of the list:
  * the first parameter represents a starting number;
  * the second parameters show how many consecutive numbers are to be processed;
- two natural numbers and a property to search for;
- two natural numbers and two properties to search for;
- separate the parameters with one space;
- enter 0 to exit.

Enter a request:
> 6571372954151519513 12
6571372954151519513 is odd
6571372954151519514 is even, buzz
6571372954151519515 is odd
6571372954151519516 is even
6571372954151519517 is odd, buzz
6571372954151519518 is even
6571372954151519519 is odd
6571372954151519520 is even, duck, gapful
6571372954151519521 is odd, buzz
6571372954151519522 is even
6571372954151519523 is odd
6571372954151519524 is even

Enter a request:
> 0
Goodbye!
?[1;31m
Start test 23?[0m
Welcome to Amazing Numbers!

Supported requests:
- enter a natural number to know its properties;
- enter two natural numbers to obtain the properties of the list:
  * the first parameter represents a starting number;
  * the second parameters show how many consecutive numbers are to be processed;
- two natural numbers and a property to search for;
- two natural numbers and two properties to search for;
- separate the parameters with one space;
- enter 0 to exit.

Enter a request:
> 83337809200518637 11
83337809200518637 is odd, buzz, duck
83337809200518638 is even, duck
83337809200518639 is odd, duck
83337809200518640 is even, duck, gapful
83337809200518641 is odd, duck
83337809200518642 is even, buzz, duck
83337809200518643 is odd, duck
83337809200518644 is even, duck
83337809200518645 is odd, duck
83337809200518646 is even, duck
83337809200518647 is odd, buzz, duck

Enter a request:
> 0
Goodbye!
?[1;31m
Start test 24?[0m
Welcome to Amazing Numbers!

Supported requests:
- enter a natural number to know its properties;
- enter two natural numbers to obtain the properties of the list:
  * the first parameter represents a starting number;
  * the second parameters show how many consecutive numbers are to be processed;
- two natural numbers and a property to search for;
- two natural numbers and two properties to search for;
- separate the parameters with one space;
- enter 0 to exit.

Enter a request:
> 2048657952445547648 12
2048657952445547648 is even, duck
2048657952445547649 is odd, duck
2048657952445547650 is even, duck
2048657952445547651 is odd, duck
2048657952445547652 is even, duck, gapful
2048657952445547653 is odd, buzz, duck
2048657952445547654 is even, duck
2048657952445547655 is odd, duck
2048657952445547656 is even, duck
2048657952445547657 is odd, buzz, duck
2048657952445547658 is even, duck
2048657952445547659 is odd, duck

Enter a request:
> 0
Goodbye!
?[1;31m
Start test 25?[0m
Welcome to Amazing Numbers!

Supported requests:
- enter a natural number to know its properties;
- enter two natural numbers to obtain the properties of the list:
  * the first parameter represents a starting number;
  * the second parameters show how many consecutive numbers are to be processed;
- two natural numbers and a property to search for;
- two natural numbers and two properties to search for;
- separate the parameters with one space;
- enter 0 to exit.

Enter a request:
> 3641424131846591577 5
3641424131846591577 is odd, buzz
3641424131846591578 is even
3641424131846591579 is odd
3641424131846591580 is even, buzz, duck, gapful
3641424131846591581 is odd

Enter a request:
> 0
Goodbye!
?[1;31m
Start test 26?[0m
Welcome to Amazing Numbers!

Supported requests:
- enter a natural number to know its properties;
- enter two natural numbers to obtain the properties of the list:
  * the first parameter represents a starting number;
  * the second parameters show how many consecutive numbers are to be processed;
- two natural numbers and a property to search for;
- two natural numbers and two properties to search for;
- separate the parameters with one space;
- enter 0 to exit.

Enter a request:
> 7753125416692207643 4
7753125416692207643 is odd, buzz, duck
7753125416692207644 is even, duck
7753125416692207645 is odd, duck
7753125416692207646 is even, duck

Enter a request:
> 0
Goodbye!
?[1;31m
Start test 27?[0m
Welcome to Amazing Numbers!

Supported requests:
- enter a natural number to know its properties;
- enter two natural numbers to obtain the properties of the list:
  * the first parameter represents a starting number;
  * the second parameters show how many consecutive numbers are to be processed;
- two natural numbers and a property to search for;
- two natural numbers and two properties to search for;
- separate the parameters with one space;
- enter 0 to exit.

Enter a request:
> 9148793100206415695 6
9148793100206415695 is odd, duck
9148793100206415696 is even, duck
9148793100206415697 is odd, buzz, duck
9148793100206415698 is even, buzz, duck
9148793100206415699 is odd, duck
9148793100206415700 is even, duck

Enter a request:
> 0
Goodbye!
?[1;31m
Start test 28?[0m
Welcome to Amazing Numbers!

Supported requests:
- enter a natural number to know its properties;
- enter two natural numbers to obtain the properties of the list:
  * the first parameter represents a starting number;
  * the second parameters show how many consecutive numbers are to be processed;
- two natural numbers and a property to search for;
- two natural numbers and two properties to search for;
- separate the parameters with one space;
- enter 0 to exit.

Enter a request:
> 6583261457766402710 4
6583261457766402710 is even, buzz, duck
6583261457766402711 is odd, duck
6583261457766402712 is even, duck
6583261457766402713 is odd, duck

Enter a request:
> 0
Goodbye!
?[1;31m
Start test 29?[0m
Welcome to Amazing Numbers!

Supported requests:
- enter a natural number to know its properties;
- enter two natural numbers to obtain the properties of the list:
  * the first parameter represents a starting number;
  * the second parameters show how many consecutive numbers are to be processed;
- two natural numbers and a property to search for;
- two natural numbers and two properties to search for;
- separate the parameters with one space;
- enter 0 to exit.

Enter a request:
> 1 10 May
The property MAY is wrong.
Available properties: [BUZZ, DUCK, PALINDROMIC, GAPFUL, SPY, EVEN, ODD, SUNNY, SQUARE]

Enter a request:
> 0
Goodbye!
?[1;31m
Start test 30?[0m
Welcome to Amazing Numbers!

Supported requests:
- enter a natural number to know its properties;
- enter two natural numbers to obtain the properties of the list:
  * the first parameter represents a starting number;
  * the second parameters show how many consecutive numbers are to be processed;
- two natural numbers and a property to search for;
- two natural numbers and two properties to search for;
- separate the parameters with one space;
- enter 0 to exit.

Enter a request:
> 40 2 bay
The property BAY is wrong.
Available properties: [BUZZ, DUCK, PALINDROMIC, GAPFUL, SPY, EVEN, ODD, SUNNY, SQUARE]

Enter a request:
> 0
Goodbye!
?[1;31m
Start test 31?[0m
Welcome to Amazing Numbers!

Supported requests:
- enter a natural number to know its properties;
- enter two natural numbers to obtain the properties of the list:
  * the first parameter represents a starting number;
  * the second parameters show how many consecutive numbers are to be processed;
- two natural numbers and a property to search for;
- two natural numbers and two properties to search for;
- separate the parameters with one space;
- enter 0 to exit.

Enter a request:
> 37 4 8
The property 8 is wrong.
Available properties: [BUZZ, DUCK, PALINDROMIC, GAPFUL, SPY, EVEN, ODD, SUNNY, SQUARE]

Enter a request:
> 0
Goodbye!
?[1;31m
Start test 32?[0m
Welcome to Amazing Numbers!

Supported requests:
- enter a natural number to know its properties;
- enter two natural numbers to obtain the properties of the list:
  * the first parameter represents a starting number;
  * the second parameters show how many consecutive numbers are to be processed;
- two natural numbers and a property to search for;
- two natural numbers and two properties to search for;
- separate the parameters with one space;
- enter 0 to exit.

Enter a request:
> 67 2 day
The property DAY is wrong.
Available properties: [BUZZ, DUCK, PALINDROMIC, GAPFUL, SPY, EVEN, ODD, SUNNY, SQUARE]

Enter a request:
> 0
Goodbye!
?[1;31m
Start test 33?[0m
Welcome to Amazing Numbers!

Supported requests:
- enter a natural number to know its properties;
- enter two natural numbers to obtain the properties of the list:
  * the first parameter represents a starting number;
  * the second parameters show how many consecutive numbers are to be processed;
- two natural numbers and a property to search for;
- two natural numbers and two properties to search for;
- separate the parameters with one space;
- enter 0 to exit.

Enter a request:
> 2 54 Prime
The property PRIME is wrong.
Available properties: [BUZZ, DUCK, PALINDROMIC, GAPFUL, SPY, EVEN, ODD, SUNNY, SQUARE]

Enter a request:
> 0
Goodbye!
?[1;31m
Start test 34?[0m
Welcome to Amazing Numbers!

Supported requests:
- enter a natural number to know its properties;
- enter two natural numbers to obtain the properties of the list:
  * the first parameter represents a starting number;
  * the second parameters show how many consecutive numbers are to be processed;
- two natural numbers and a property to search for;
- two natural numbers and two properties to search for;
- separate the parameters with one space;
- enter 0 to exit.

Enter a request:
> 6 8 ...
The property ... is wrong.
Available properties: [BUZZ, DUCK, PALINDROMIC, GAPFUL, SPY, EVEN, ODD, SUNNY, SQUARE]

Enter a request:
> 0
Goodbye!
?[1;31m
Start test 35?[0m
Welcome to Amazing Numbers!

Supported requests:
- enter a natural number to know its properties;
- enter two natural numbers to obtain the properties of the list:
  * the first parameter represents a starting number;
  * the second parameters show how many consecutive numbers are to be processed;
- two natural numbers and a property to search for;
- two natural numbers and two properties to search for;
- separate the parameters with one space;
- enter 0 to exit.

Enter a request:
> 5 9 none
The property NONE is wrong.
Available properties: [BUZZ, DUCK, PALINDROMIC, GAPFUL, SPY, EVEN, ODD, SUNNY, SQUARE]

Enter a request:
> 0
Goodbye!
?[1;31m
Start test 36?[0m
Welcome to Amazing Numbers!

Supported requests:
- enter a natural number to know its properties;
- enter two natural numbers to obtain the properties of the list:
  * the first parameter represents a starting number;
  * the second parameters show how many consecutive numbers are to be processed;
- two natural numbers and a property to search for;
- two natural numbers and two properties to search for;
- separate the parameters with one space;
- enter 0 to exit.

Enter a request:
> 1 10 BUZZ
7 is odd, buzz, palindromic, spy, 
14 is even, buzz, 
17 is odd, buzz, 
21 is odd, buzz, 
27 is odd, buzz, 
28 is even, buzz, 
35 is odd, buzz, sunny, 
37 is odd, buzz, 
42 is even, buzz, 
47 is odd, buzz, 

Enter a request:
> 1 10 DUCK
10 is even, duck, 
20 is even, duck, 
30 is even, duck, 
40 is even, duck, 
50 is even, duck, 
60 is even, duck, 
70 is even, buzz, duck, 
80 is even, duck, sunny, 
90 is even, duck, 
100 is even, duck, gapful, square, 

Enter a request:
> 1 10 PALINDROMIC
1 is odd, palindromic, spy, square, 
2 is even, palindromic, spy, 
3 is odd, palindromic, spy, sunny, 
4 is even, palindromic, spy, square, 
5 is odd, palindromic, spy, 
6 is even, palindromic, spy, 
7 is odd, buzz, palindromic, spy, 
8 is even, palindromic, spy, sunny, 
9 is odd, palindromic, spy, square, 
11 is odd, palindromic, 

Enter a request:
> 1 10 GAPFUL
100 is even, duck, gapful, square, 
105 is odd, buzz, duck, gapful, 
108 is even, duck, gapful, 
110 is even, duck, gapful, 
120 is even, duck, gapful, sunny, 
121 is odd, palindromic, gapful, square, 
130 is even, duck, gapful, 
132 is even, gapful, spy, 
135 is odd, gapful, 
140 is even, buzz, duck, gapful, 

Enter a request:
> 1 10 SPY
1 is odd, palindromic, spy, square, 
2 is even, palindromic, spy, 
3 is odd, palindromic, spy, sunny, 
4 is even, palindromic, spy, square, 
5 is odd, palindromic, spy, 
6 is even, palindromic, spy, 
7 is odd, buzz, palindromic, spy, 
8 is even, palindromic, spy, sunny, 
9 is odd, palindromic, spy, square, 
22 is even, palindromic, spy, 

Enter a request:
> 1 10 SQUARE
1 is odd, palindromic, spy, square, 
4 is even, palindromic, spy, square, 
9 is odd, palindromic, spy, square, 
16 is even, square, 
25 is odd, square, 
36 is even, square, 
49 is odd, buzz, square, 
64 is even, square, 
81 is odd, square, 
100 is even, duck, gapful, square, 

Enter a request:
> 1 10 SUNNY
3 is odd, palindromic, spy, sunny, 
8 is even, palindromic, spy, sunny, 
15 is odd, sunny, 
24 is even, sunny, 
35 is odd, buzz, sunny, 
48 is even, sunny, 
63 is odd, buzz, sunny, 
80 is even, duck, sunny, 
99 is odd, palindromic, sunny, 
120 is even, duck, gapful, sunny, 

Enter a request:
> 1 10 EVEN
2 is even, palindromic, spy, 
4 is even, palindromic, spy, square, 
6 is even, palindromic, spy, 
8 is even, palindromic, spy, sunny, 
10 is even, duck, 
12 is even, 
14 is even, buzz, 
16 is even, square, 
18 is even, 
20 is even, duck, 

Enter a request:
> 1 10 ODD
1 is odd, palindromic, spy, square, 
3 is odd, palindromic, spy, sunny, 
5 is odd, palindromic, spy, 
7 is odd, buzz, palindromic, spy, 
9 is odd, palindromic, spy, square, 
11 is odd, palindromic, 
13 is odd, 
15 is odd, sunny, 
17 is odd, buzz, 
19 is odd, 

Enter a request:
> 0
Goodbye!
?[1;31m
Start test 37?[0m
Welcome to Amazing Numbers!

Supported requests:
- enter a natural number to know its properties;
- enter two natural numbers to obtain the properties of the list:
  * the first parameter represents a starting number;
  * the second parameters show how many consecutive numbers are to be processed;
- two natural numbers and a property to search for;
- two natural numbers and two properties to search for;
- separate the parameters with one space;
- enter 0 to exit.

Enter a request:
> 8923 6 PALINDROMIC
8998 is even, palindromic, 
9009 is odd, buzz, duck, palindromic, gapful, 
9119 is odd, palindromic, 
9229 is odd, palindromic, 
9339 is odd, palindromic, 
9449 is odd, palindromic, 

Enter a request:
> 0
Goodbye!
?[1;31m
Start test 38?[0m
Welcome to Amazing Numbers!

Supported requests:
- enter a natural number to know its properties;
- enter two natural numbers to obtain the properties of the list:
  * the first parameter represents a starting number;
  * the second parameters show how many consecutive numbers are to be processed;
- two natural numbers and a property to search for;
- two natural numbers and two properties to search for;
- separate the parameters with one space;
- enter 0 to exit.

Enter a request:
> 12335 8 BUZZ
12337 is odd, buzz, 
12341 is odd, buzz, 
12347 is odd, buzz, 
12348 is even, buzz, gapful, 
12355 is odd, buzz, 
12357 is odd, buzz, 
12362 is even, buzz, 
12367 is odd, buzz, 

Enter a request:
> 0
Goodbye!
?[1;31m
Start test 39?[0m
Welcome to Amazing Numbers!

Supported requests:
- enter a natural number to know its properties;
- enter two natural numbers to obtain the properties of the list:
  * the first parameter represents a starting number;
  * the second parameters show how many consecutive numbers are to be processed;
- two natural numbers and a property to search for;
- two natural numbers and two properties to search for;
- separate the parameters with one space;
- enter 0 to exit.

Enter a request:
> 28576 16 EVEN
28576 is even, 
28578 is even, 
28580 is even, duck, gapful, 
28582 is even, palindromic, 
28584 is even, gapful, 
28586 is even, 
28588 is even, buzz, gapful, 
28590 is even, duck, 
28592 is even, 
28594 is even, 
28596 is even, 
28598 is even, 
28600 is even, duck, gapful, 
28602 is even, buzz, duck, 
28604 is even, duck, 
28606 is even, duck, 

Enter a request:
> 0
Goodbye!
?[1;31m
Start test 40?[0m
Welcome to Amazing Numbers!

Supported requests:
- enter a natural number to know its properties;
- enter two natural numbers to obtain the properties of the list:
  * the first parameter represents a starting number;
  * the second parameters show how many consecutive numbers are to be processed;
- two natural numbers and a property to search for;
- two natural numbers and two properties to search for;
- separate the parameters with one space;
- enter 0 to exit.

Enter a request:
> 31310 12 GAPFUL
31314 is even, gapful, 
31320 is even, duck, gapful, 
31325 is odd, buzz, gapful, 
31341 is odd, gapful, 
31350 is even, duck, gapful, 
31356 is even, gapful, 
31380 is even, duck, gapful, 
31383 is odd, gapful, 
31388 is even, buzz, gapful, 
31392 is even, gapful, 
31395 is odd, buzz, gapful, 
31410 is even, duck, gapful, 

Enter a request:
> 0
Goodbye!
?[1;31m
Start test 41?[0m
Welcome to Amazing Numbers!

Supported requests:
- enter a natural number to know its properties;
- enter two natural numbers to obtain the properties of the list:
  * the first parameter represents a starting number;
  * the second parameters show how many consecutive numbers are to be processed;
- two natural numbers and a property to search for;
- two natural numbers and two properties to search for;
- separate the parameters with one space;
- enter 0 to exit.

Enter a request:
> 23093 19 EVEN
23094 is even, duck, 
23096 is even, duck, 
23098 is even, duck, 
23100 is even, buzz, duck, gapful, 
23102 is even, duck, 
23104 is even, duck, square, 
23106 is even, duck, 
23108 is even, duck, 
23110 is even, duck, 
23112 is even, 
23114 is even, buzz, 
23116 is even, 
23118 is even, 
23120 is even, duck, gapful, 
23122 is even, gapful, 
23124 is even, 
23126 is even, 
23128 is even, buzz, gapful, 
23130 is even, duck, 

Enter a request:
> 0
Goodbye!
?[1;31m
Start test 42?[0m
Welcome to Amazing Numbers!

Supported requests:
- enter a natural number to know its properties;
- enter two natural numbers to obtain the properties of the list:
  * the first parameter represents a starting number;
  * the second parameters show how many consecutive numbers are to be processed;
- two natural numbers and a property to search for;
- two natural numbers and two properties to search for;
- separate the parameters with one space;
- enter 0 to exit.

Enter a request:
> 32507 7 BUZZ
32507 is odd, buzz, duck, 
32508 is even, buzz, duck, 
32515 is odd, buzz, gapful, 
32517 is odd, buzz, 
32522 is even, buzz, 
32527 is odd, buzz, 
32529 is odd, buzz, 

Enter a request:
> 0
Goodbye!
?[1;31m
Start test 43?[0m
Welcome to Amazing Numbers!

Supported requests:
- enter a natural number to know its properties;
- enter two natural numbers to obtain the properties of the list:
  * the first parameter represents a starting number;
  * the second parameters show how many consecutive numbers are to be processed;
- two natural numbers and a property to search for;
- two natural numbers and two properties to search for;
- separate the parameters with one space;
- enter 0 to exit.

Enter a request:
> 28245 14 EVEN
28246 is even, 
28248 is even, 
28250 is even, duck, 
28252 is even, buzz, 
28254 is even, 
28256 is even, 
28258 is even, 
28260 is even, duck, gapful, 
28262 is even, 
28264 is even, 
28266 is even, buzz, 
28268 is even, 
28270 is even, duck, 
28272 is even, 

Enter a request:
> 0
Goodbye!
?[1;31m
Start test 44?[0m
Welcome to Amazing Numbers!

Supported requests:
- enter a natural number to know its properties;
- enter two natural numbers to obtain the properties of the list:
  * the first parameter represents a starting number;
  * the second parameters show how many consecutive numbers are to be processed;
- two natural numbers and a property to search for;
- two natural numbers and two properties to search for;
- separate the parameters with one space;
- enter 0 to exit.

Enter a request:
> 24560 17 BUZZ
24563 is odd, buzz, 
24567 is odd, buzz, 
24570 is even, buzz, duck, 
24577 is odd, buzz, 
24584 is even, buzz, 
24587 is odd, buzz, 
24591 is odd, buzz, gapful, 
24597 is odd, buzz, gapful, 
24598 is even, buzz, 
24605 is odd, buzz, duck, 
24607 is odd, buzz, duck, 
24612 is even, buzz, 
24617 is odd, buzz, 
24619 is odd, buzz, 
24626 is even, buzz, 
24627 is odd, buzz, 
24633 is odd, buzz, gapful, 

Enter a request:
> 0
Goodbye!
?[1;31m
Start test 45?[0m
Welcome to Amazing Numbers!

Supported requests:
- enter a natural number to know its properties;
- enter two natural numbers to obtain the properties of the list:
  * the first parameter represents a starting number;
  * the second parameters show how many consecutive numbers are to be processed;
- two natural numbers and a property to search for;
- two natural numbers and two properties to search for;
- separate the parameters with one space;
- enter 0 to exit.

Enter a request:
> 26418 6 SUNNY
26568 is even, sunny, 
26895 is odd, sunny, 
27224 is even, sunny, 
27555 is odd, sunny, 
27888 is even, buzz, gapful, sunny, 
28223 is odd, sunny, 

Enter a request:
> 0
Goodbye!
?[1;31m
Start test 46?[0m
Welcome to Amazing Numbers!

Supported requests:
- enter a natural number to know its properties;
- enter two natural numbers to obtain the properties of the list:
  * the first parameter represents a starting number;
  * the second parameters show how many consecutive numbers are to be processed;
- two natural numbers and a property to search for;
- two natural numbers and two properties to search for;
- separate the parameters with one space;
- enter 0 to exit.

Enter a request:
> 16681 15 ODD
16681 is odd, buzz, 
16683 is odd, 
16685 is odd, 
16687 is odd, buzz, 
16689 is odd, 
16691 is odd, 
16693 is odd, 
16695 is odd, buzz, gapful, 
16697 is odd, buzz, 
16699 is odd, 
16701 is odd, duck, 
16703 is odd, duck, 
16705 is odd, duck, 
16707 is odd, buzz, duck, 
16709 is odd, buzz, duck, 

Enter a request:
> 0
Goodbye!
?[1;31m
Start test 47?[0m
Welcome to Amazing Numbers!

Supported requests:
- enter a natural number to know its properties;
- enter two natural numbers to obtain the properties of the list:
  * the first parameter represents a starting number;
  * the second parameters show how many consecutive numbers are to be processed;
- two natural numbers and a property to search for;
- two natural numbers and two properties to search for;
- separate the parameters with one space;
- enter 0 to exit.

Enter a request:
> 1 10 odd girl
The property GIRL is wrong.
Available properties: [BUZZ, DUCK, PALINDROMIC, GAPFUL, SPY, EVEN, ODD, SUNNY, SQUARE]

Enter a request:
> 0
Goodbye!
?[1;31m
Start test 48?[0m
Welcome to Amazing Numbers!

Supported requests:
- enter a natural number to know its properties;
- enter two natural numbers to obtain the properties of the list:
  * the first parameter represents a starting number;
  * the second parameters show how many consecutive numbers are to be processed;
- two natural numbers and a property to search for;
- two natural numbers and two properties to search for;
- separate the parameters with one space;
- enter 0 to exit.

Enter a request:
> 40 2 even day
The property DAY is wrong.
Available properties: [BUZZ, DUCK, PALINDROMIC, GAPFUL, SPY, EVEN, ODD, SUNNY, SQUARE]

Enter a request:
> 0
Goodbye!
?[1;31m
Start test 49?[0m
Welcome to Amazing Numbers!

Supported requests:
- enter a natural number to know its properties;
- enter two natural numbers to obtain the properties of the list:
  * the first parameter represents a starting number;
  * the second parameters show how many consecutive numbers are to be processed;
- two natural numbers and a property to search for;
- two natural numbers and two properties to search for;
- separate the parameters with one space;
- enter 0 to exit.

Enter a request:
> 37 4 spy 89
The property 89 is wrong.
Available properties: [BUZZ, DUCK, PALINDROMIC, GAPFUL, SPY, EVEN, ODD, SUNNY, SQUARE]

Enter a request:
> 0
Goodbye!
?[1;31m
Start test 50?[0m
Welcome to Amazing Numbers!

Supported requests:
- enter a natural number to know its properties;
- enter two natural numbers to obtain the properties of the list:
  * the first parameter represents a starting number;
  * the second parameters show how many consecutive numbers are to be processed;
- two natural numbers and a property to search for;
- two natural numbers and two properties to search for;
- separate the parameters with one space;
- enter 0 to exit.

Enter a request:
> 67 2 DUCK +
The property + is wrong.
Available properties: [BUZZ, DUCK, PALINDROMIC, GAPFUL, SPY, EVEN, ODD, SUNNY, SQUARE]

Enter a request:
> 0
Goodbye!
?[1;31m
Start test 51?[0m
Welcome to Amazing Numbers!

Supported requests:
- enter a natural number to know its properties;
- enter two natural numbers to obtain the properties of the list:
  * the first parameter represents a starting number;
  * the second parameters show how many consecutive numbers are to be processed;
- two natural numbers and a property to search for;
- two natural numbers and two properties to search for;
- separate the parameters with one space;
- enter 0 to exit.

Enter a request:
> 1 10 boy friend
The properties BOY FRIEND are wrong.
Available properties: [BUZZ, DUCK, PALINDROMIC, GAPFUL, SPY, EVEN, ODD, SUNNY, SQUARE]

Enter a request:
> 0
Goodbye!
?[1;31m
Start test 52?[0m
Welcome to Amazing Numbers!

Supported requests:
- enter a natural number to know its properties;
- enter two natural numbers to obtain the properties of the list:
  * the first parameter represents a starting number;
  * the second parameters show how many consecutive numbers are to be processed;
- two natural numbers and a property to search for;
- two natural numbers and two properties to search for;
- separate the parameters with one space;
- enter 0 to exit.

Enter a request:
> 40 2 long day
The properties LONG DAY are wrong.
Available properties: [BUZZ, DUCK, PALINDROMIC, GAPFUL, SPY, EVEN, ODD, SUNNY, SQUARE]

Enter a request:
> 0
Goodbye!
?[1;31m
Start test 53?[0m
Welcome to Amazing Numbers!

Supported requests:
- enter a natural number to know its properties;
- enter two natural numbers to obtain the properties of the list:
  * the first parameter represents a starting number;
  * the second parameters show how many consecutive numbers are to be processed;
- two natural numbers and a property to search for;
- two natural numbers and two properties to search for;
- separate the parameters with one space;
- enter 0 to exit.

Enter a request:
> 37 4 hot girl
The properties HOT GIRL are wrong.
Available properties: [BUZZ, DUCK, PALINDROMIC, GAPFUL, SPY, EVEN, ODD, SUNNY, SQUARE]

Enter a request:
> 0
Goodbye!
?[1;31m
Start test 54?[0m
Welcome to Amazing Numbers!

Supported requests:
- enter a natural number to know its properties;
- enter two natural numbers to obtain the properties of the list:
  * the first parameter represents a starting number;
  * the second parameters show how many consecutive numbers are to be processed;
- two natural numbers and a property to search for;
- two natural numbers and two properties to search for;
- separate the parameters with one space;
- enter 0 to exit.

Enter a request:
> 67 2 strong drake
The properties STRONG DRAKE are wrong.
Available properties: [BUZZ, DUCK, PALINDROMIC, GAPFUL, SPY, EVEN, ODD, SUNNY, SQUARE]

Enter a request:
> 0
Goodbye!
?[1;31m
Start test 55?[0m
Welcome to Amazing Numbers!

Supported requests:
- enter a natural number to know its properties;
- enter two natural numbers to obtain the properties of the list:
  * the first parameter represents a starting number;
  * the second parameters show how many consecutive numbers are to be processed;
- two natural numbers and a property to search for;
- two natural numbers and two properties to search for;
- separate the parameters with one space;
- enter 0 to exit.

Enter a request:
> 1 7 spy palindromic
1 is odd, palindromic, spy, square, 
2 is even, palindromic, spy, 
3 is odd, palindromic, spy, sunny, 
4 is even, palindromic, spy, square, 
5 is odd, palindromic, spy, 
6 is even, palindromic, spy, 
7 is odd, buzz, palindromic, spy, 

Enter a request:
> 0
Goodbye!
?[1;31m
Start test 56?[0m
Welcome to Amazing Numbers!

Supported requests:
- enter a natural number to know its properties;
- enter two natural numbers to obtain the properties of the list:
  * the first parameter represents a starting number;
  * the second parameters show how many consecutive numbers are to be processed;
- two natural numbers and a property to search for;
- two natural numbers and two properties to search for;
- separate the parameters with one space;
- enter 0 to exit.

Enter a request:
> 1 10 palindromic buzz
7 is odd, buzz, palindromic, spy, 
14 is even, buzz, 
17 is odd, buzz, 
21 is odd, buzz, 
27 is odd, buzz, 
28 is even, buzz, 
35 is odd, buzz, sunny, 
37 is odd, buzz, 
42 is even, buzz, 
47 is odd, buzz, 

Enter a request:
]]></system-out>
  <system-err><![CDATA[]]></system-err>
</testsuite>
