<?xml version="1.0" encoding="UTF-8"?>
<testsuite name="NumbersTest" tests="1" skipped="0" failures="0" errors="0" timestamp="2021-06-06T09:54:40" hostname="LAPTOP-4KFU9O35" time="1.156">
  <properties/>
  <testcase name="start" classname="NumbersTest" time="1.156"/>
  <system-out><![CDATA[?[1;31m
Start test 1?[0m
Welcome to Amazing Numbers!

Supported requests:- enter a natural number to know its properties;
- enter two natural numbers to obtain the properties of the list:
  * the first parameter represents a starting number;
  * the second parameter shows how many consecutive numbers are to be printed;
- separate the parameters with one space;
- enter 0 to exit.

Enter a request:
> 0
Goodbye!
?[1;31m
Start test 2?[0m
Welcome to Amazing Numbers!

Supported requests:- enter a natural number to know its properties;
- enter two natural numbers to obtain the properties of the list:
  * the first parameter represents a starting number;
  * the second parameter shows how many consecutive numbers are to be printed;
- separate the parameters with one space;
- enter 0 to exit.

Enter a request:
> -95
The first parameter should be a natural number or zero.

Enter a request:
> 0
Goodbye!
?[1;31m
Start test 3?[0m
Welcome to Amazing Numbers!

Supported requests:- enter a natural number to know its properties;
- enter two natural numbers to obtain the properties of the list:
  * the first parameter represents a starting number;
  * the second parameter shows how many consecutive numbers are to be printed;
- separate the parameters with one space;
- enter 0 to exit.

Enter a request:
> -61
The first parameter should be a natural number or zero.

Enter a request:
> 0
Goodbye!
?[1;31m
Start test 4?[0m
Welcome to Amazing Numbers!

Supported requests:- enter a natural number to know its properties;
- enter two natural numbers to obtain the properties of the list:
  * the first parameter represents a starting number;
  * the second parameter shows how many consecutive numbers are to be printed;
- separate the parameters with one space;
- enter 0 to exit.

Enter a request:
> -35
The first parameter should be a natural number or zero.

Enter a request:
> 0
Goodbye!
?[1;31m
Start test 5?[0m
Welcome to Amazing Numbers!

Supported requests:- enter a natural number to know its properties;
- enter two natural numbers to obtain the properties of the list:
  * the first parameter represents a starting number;
  * the second parameter shows how many consecutive numbers are to be printed;
- separate the parameters with one space;
- enter 0 to exit.

Enter a request:
> -96
The first parameter should be a natural number or zero.

Enter a request:
> 0
Goodbye!
?[1;31m
Start test 6?[0m
Welcome to Amazing Numbers!

Supported requests:- enter a natural number to know its properties;
- enter two natural numbers to obtain the properties of the list:
  * the first parameter represents a starting number;
  * the second parameter shows how many consecutive numbers are to be printed;
- separate the parameters with one space;
- enter 0 to exit.

Enter a request:
> -32
The first parameter should be a natural number or zero.

Enter a request:
> 0
Goodbye!
?[1;31m
Start test 7?[0m
Welcome to Amazing Numbers!

Supported requests:- enter a natural number to know its properties;
- enter two natural numbers to obtain the properties of the list:
  * the first parameter represents a starting number;
  * the second parameter shows how many consecutive numbers are to be printed;
- separate the parameters with one space;
- enter 0 to exit.

Enter a request:
> 31193 -438
The second parameter should be a natural number.

Enter a request:
> 0
Goodbye!
?[1;31m
Start test 8?[0m
Welcome to Amazing Numbers!

Supported requests:- enter a natural number to know its properties;
- enter two natural numbers to obtain the properties of the list:
  * the first parameter represents a starting number;
  * the second parameter shows how many consecutive numbers are to be printed;
- separate the parameters with one space;
- enter 0 to exit.

Enter a request:
> 7826 -20274
The second parameter should be a natural number.

Enter a request:
> 0
Goodbye!
?[1;31m
Start test 9?[0m
Welcome to Amazing Numbers!

Supported requests:- enter a natural number to know its properties;
- enter two natural numbers to obtain the properties of the list:
  * the first parameter represents a starting number;
  * the second parameter shows how many consecutive numbers are to be printed;
- separate the parameters with one space;
- enter 0 to exit.

Enter a request:
> 24586 -14051
The second parameter should be a natural number.

Enter a request:
> 0
Goodbye!
?[1;31m
Start test 10?[0m
Welcome to Amazing Numbers!

Supported requests:- enter a natural number to know its properties;
- enter two natural numbers to obtain the properties of the list:
  * the first parameter represents a starting number;
  * the second parameter shows how many consecutive numbers are to be printed;
- separate the parameters with one space;
- enter 0 to exit.

Enter a request:
> 25875 -31733
The second parameter should be a natural number.

Enter a request:
> 0
Goodbye!
?[1;31m
Start test 11?[0m
Welcome to Amazing Numbers!

Supported requests:- enter a natural number to know its properties;
- enter two natural numbers to obtain the properties of the list:
  * the first parameter represents a starting number;
  * the second parameter shows how many consecutive numbers are to be printed;
- separate the parameters with one space;
- enter 0 to exit.

Enter a request:
> 32035 -21174
The second parameter should be a natural number.

Enter a request:
> 0
Goodbye!
?[1;31m
Start test 12?[0m
Welcome to Amazing Numbers!

Supported requests:- enter a natural number to know its properties;
- enter two natural numbers to obtain the properties of the list:
  * the first parameter represents a starting number;
  * the second parameter shows how many consecutive numbers are to be printed;
- separate the parameters with one space;
- enter 0 to exit.

Enter a request:
> 30221 -24250
The second parameter should be a natural number.

Enter a request:
> 0
Goodbye!
?[1;31m
Start test 13?[0m
Welcome to Amazing Numbers!

Supported requests:- enter a natural number to know its properties;
- enter two natural numbers to obtain the properties of the list:
  * the first parameter represents a starting number;
  * the second parameter shows how many consecutive numbers are to be printed;
- separate the parameters with one space;
- enter 0 to exit.

Enter a request:
> 32467 -15273
The second parameter should be a natural number.

Enter a request:
> 0
Goodbye!
?[1;31m
Start test 14?[0m
Welcome to Amazing Numbers!

Supported requests:- enter a natural number to know its properties;
- enter two natural numbers to obtain the properties of the list:
  * the first parameter represents a starting number;
  * the second parameter shows how many consecutive numbers are to be printed;
- separate the parameters with one space;
- enter 0 to exit.

Enter a request:
> 14247 -2494
The second parameter should be a natural number.

Enter a request:
> 0
Goodbye!
?[1;31m
Start test 15?[0m
Welcome to Amazing Numbers!

Supported requests:- enter a natural number to know its properties;
- enter two natural numbers to obtain the properties of the list:
  * the first parameter represents a starting number;
  * the second parameter shows how many consecutive numbers are to be printed;
- separate the parameters with one space;
- enter 0 to exit.

Enter a request:
> 6816 -5347
The second parameter should be a natural number.

Enter a request:
> 0
Goodbye!
?[1;31m
Start test 16?[0m
Welcome to Amazing Numbers!

Supported requests:- enter a natural number to know its properties;
- enter two natural numbers to obtain the properties of the list:
  * the first parameter represents a starting number;
  * the second parameter shows how many consecutive numbers are to be printed;
- separate the parameters with one space;
- enter 0 to exit.

Enter a request:
> 16377 -21905
The second parameter should be a natural number.

Enter a request:
> 0
Goodbye!
?[1;31m
Start test 17?[0m
Welcome to Amazing Numbers!

Supported requests:- enter a natural number to know its properties;
- enter two natural numbers to obtain the properties of the list:
  * the first parameter represents a starting number;
  * the second parameter shows how many consecutive numbers are to be printed;
- separate the parameters with one space;
- enter 0 to exit.

Enter a request:
> 1
Properties of 1
buzz: false
duck: false
palindromic: true
gapful: false
even: false
odd: true

Enter a request:
> 2
Properties of 2
buzz: false
duck: false
palindromic: true
gapful: false
even: true
odd: false

Enter a request:
> 3
Properties of 3
buzz: false
duck: false
palindromic: true
gapful: false
even: false
odd: true

Enter a request:
> 4
Properties of 4
buzz: false
duck: false
palindromic: true
gapful: false
even: true
odd: false

Enter a request:
> 5
Properties of 5
buzz: false
duck: false
palindromic: true
gapful: false
even: false
odd: true

Enter a request:
> 6
Properties of 6
buzz: false
duck: false
palindromic: true
gapful: false
even: true
odd: false

Enter a request:
> 7
Properties of 7
buzz: true
duck: false
palindromic: true
gapful: false
even: false
odd: true

Enter a request:
> 8
Properties of 8
buzz: false
duck: false
palindromic: true
gapful: false
even: true
odd: false

Enter a request:
> 9
Properties of 9
buzz: false
duck: false
palindromic: true
gapful: false
even: false
odd: true

Enter a request:
> 10
Properties of 10
buzz: false
duck: true
palindromic: false
gapful: false
even: true
odd: false

Enter a request:
> 11
Properties of 11
buzz: false
duck: false
palindromic: true
gapful: false
even: false
odd: true

Enter a request:
> 12
Properties of 12
buzz: false
duck: false
palindromic: false
gapful: false
even: true
odd: false

Enter a request:
> 13
Properties of 13
buzz: false
duck: false
palindromic: false
gapful: false
even: false
odd: true

Enter a request:
> 14
Properties of 14
buzz: true
duck: false
palindromic: false
gapful: false
even: true
odd: false

Enter a request:
> 6021209158728699358
Properties of 6021209158728699358
buzz: false
duck: true
palindromic: false
gapful: false
even: true
odd: false

Enter a request:
> 3635838422498265439
Properties of 3635838422498265439
buzz: false
duck: false
palindromic: false
gapful: false
even: false
odd: true

Enter a request:
> 7134490154797669118
Properties of 7134490154797669118
buzz: true
duck: true
palindromic: false
gapful: false
even: true
odd: false

Enter a request:
> 8542952650621860659
Properties of 8542952650621860659
buzz: false
duck: true
palindromic: false
gapful: false
even: false
odd: true

Enter a request:
> 3298746099834301432
Properties of 3298746099834301432
buzz: false
duck: true
palindromic: false
gapful: false
even: true
odd: false

Enter a request:
> 896172520845459738
Properties of 896172520845459738
buzz: false
duck: true
palindromic: false
gapful: false
even: true
odd: false

Enter a request:
> 1975053603674938542
Properties of 1975053603674938542
buzz: true
duck: true
palindromic: false
gapful: false
even: true
odd: false

Enter a request:
> 5930994897135909754
Properties of 5930994897135909754
buzz: false
duck: true
palindromic: false
gapful: false
even: true
odd: false

Enter a request:
> 5221189664914244432
Properties of 5221189664914244432
buzz: false
duck: false
palindromic: false
gapful: false
even: true
odd: false

Enter a request:
> 7860940800808392804
Properties of 7860940800808392804
buzz: false
duck: true
palindromic: false
gapful: false
even: true
odd: false

Enter a request:
> 0
Goodbye!
?[1;31m
Start test 18?[0m
Welcome to Amazing Numbers!

Supported requests:- enter a natural number to know its properties;
- enter two natural numbers to obtain the properties of the list:
  * the first parameter represents a starting number;
  * the second parameter shows how many consecutive numbers are to be printed;
- separate the parameters with one space;
- enter 0 to exit.

Enter a request:
> 1 15
1 is palindromic, odd
2 is palindromic, even
3 is palindromic, odd
4 is palindromic, even
5 is palindromic, odd
6 is palindromic, even
7 is buzz, palindromic, odd
8 is palindromic, even
9 is palindromic, odd
10 is duck, even
11 is palindromic, odd
12 is even
13 is odd
14 is buzz, even
15 is odd

Enter a request:
> 0
Goodbye!
?[1;31m
Start test 19?[0m
Welcome to Amazing Numbers!

Supported requests:- enter a natural number to know its properties;
- enter two natural numbers to obtain the properties of the list:
  * the first parameter represents a starting number;
  * the second parameter shows how many consecutive numbers are to be printed;
- separate the parameters with one space;
- enter 0 to exit.

Enter a request:
> 7841126637829935710 4
7841126637829935710 is duck, even
7841126637829935711 is odd
7841126637829935712 is even
7841126637829935713 is odd

Enter a request:
> 0
Goodbye!
?[1;31m
Start test 20?[0m
Welcome to Amazing Numbers!

Supported requests:- enter a natural number to know its properties;
- enter two natural numbers to obtain the properties of the list:
  * the first parameter represents a starting number;
  * the second parameter shows how many consecutive numbers are to be printed;
- separate the parameters with one space;
- enter 0 to exit.

Enter a request:
> 3961814639933785780 10
3961814639933785780 is duck, even
3961814639933785781 is odd
3961814639933785782 is buzz, even
3961814639933785783 is odd
3961814639933785784 is even
3961814639933785785 is odd
3961814639933785786 is even
3961814639933785787 is buzz, odd
3961814639933785788 is even
3961814639933785789 is buzz, odd

Enter a request:
> 0
Goodbye!
?[1;31m
Start test 21?[0m
Welcome to Amazing Numbers!

Supported requests:- enter a natural number to know its properties;
- enter two natural numbers to obtain the properties of the list:
  * the first parameter represents a starting number;
  * the second parameter shows how many consecutive numbers are to be printed;
- separate the parameters with one space;
- enter 0 to exit.

Enter a request:
> 6371817898199674696 8
6371817898199674696 is even
6371817898199674697 is buzz, odd
6371817898199674698 is even
6371817898199674699 is odd
6371817898199674700 is duck, even
6371817898199674701 is duck, odd
6371817898199674702 is duck, even
6371817898199674703 is duck, odd

Enter a request:
> 0
Goodbye!
?[1;31m
Start test 22?[0m
Welcome to Amazing Numbers!

Supported requests:- enter a natural number to know its properties;
- enter two natural numbers to obtain the properties of the list:
  * the first parameter represents a starting number;
  * the second parameter shows how many consecutive numbers are to be printed;
- separate the parameters with one space;
- enter 0 to exit.

Enter a request:
> 3570975454513567172 12
3570975454513567172 is duck, even
3570975454513567173 is duck, odd
3570975454513567174 is duck, even
3570975454513567175 is duck, odd
3570975454513567176 is duck, gapful, even
3570975454513567177 is buzz, duck, odd
3570975454513567178 is duck, even
3570975454513567179 is duck, odd
3570975454513567180 is duck, even
3570975454513567181 is duck, odd
3570975454513567182 is duck, even
3570975454513567183 is duck, odd

Enter a request:
> 0
Goodbye!
?[1;31m
Start test 23?[0m
Welcome to Amazing Numbers!

Supported requests:- enter a natural number to know its properties;
- enter two natural numbers to obtain the properties of the list:
  * the first parameter represents a starting number;
  * the second parameter shows how many consecutive numbers are to be printed;
- separate the parameters with one space;
- enter 0 to exit.

Enter a request:
> 1653295581569587874 13
1653295581569587874 is even
1653295581569587875 is gapful, odd
1653295581569587876 is even
1653295581569587877 is buzz, odd
1653295581569587878 is gapful, even
1653295581569587879 is buzz, odd
1653295581569587880 is duck, gapful, even
1653295581569587881 is odd
1653295581569587882 is even
1653295581569587883 is odd
1653295581569587884 is even
1653295581569587885 is odd
1653295581569587886 is buzz, even

Enter a request:
> 0
Goodbye!
?[1;31m
Start test 24?[0m
Welcome to Amazing Numbers!

Supported requests:- enter a natural number to know its properties;
- enter two natural numbers to obtain the properties of the list:
  * the first parameter represents a starting number;
  * the second parameter shows how many consecutive numbers are to be printed;
- separate the parameters with one space;
- enter 0 to exit.

Enter a request:
> 5760707582955490692 10
5760707582955490692 is duck, even
5760707582955490693 is duck, odd
5760707582955490694 is duck, even
5760707582955490695 is duck, odd
5760707582955490696 is duck, even
5760707582955490697 is buzz, duck, odd
5760707582955490698 is duck, even
5760707582955490699 is duck, odd
5760707582955490700 is duck, gapful, even
5760707582955490701 is duck, odd

Enter a request:
> 0
Goodbye!
?[1;31m
Start test 25?[0m
Welcome to Amazing Numbers!

Supported requests:- enter a natural number to know its properties;
- enter two natural numbers to obtain the properties of the list:
  * the first parameter represents a starting number;
  * the second parameter shows how many consecutive numbers are to be printed;
- separate the parameters with one space;
- enter 0 to exit.

Enter a request:
> 1813922787361101241 4
1813922787361101241 is duck, gapful, odd
1813922787361101242 is buzz, duck, even
1813922787361101243 is duck, odd
1813922787361101244 is duck, even

Enter a request:
> 0
Goodbye!
?[1;31m
Start test 26?[0m
Welcome to Amazing Numbers!

Supported requests:- enter a natural number to know its properties;
- enter two natural numbers to obtain the properties of the list:
  * the first parameter represents a starting number;
  * the second parameter shows how many consecutive numbers are to be printed;
- separate the parameters with one space;
- enter 0 to exit.

Enter a request:
> 4018256681083859118 19
4018256681083859118 is duck, even
4018256681083859119 is duck, odd
4018256681083859120 is duck, gapful, even
4018256681083859121 is duck, odd
4018256681083859122 is duck, even
4018256681083859123 is buzz, duck, odd
4018256681083859124 is duck, even
4018256681083859125 is duck, odd
4018256681083859126 is duck, even
4018256681083859127 is buzz, duck, odd
4018256681083859128 is duck, even
4018256681083859129 is duck, odd
4018256681083859130 is buzz, duck, even
4018256681083859131 is duck, odd
4018256681083859132 is duck, even
4018256681083859133 is duck, odd
4018256681083859134 is duck, even
4018256681083859135 is duck, odd
4018256681083859136 is duck, even

Enter a request:
> 0
Goodbye!
?[1;31m
Start test 27?[0m
Welcome to Amazing Numbers!

Supported requests:- enter a natural number to know its properties;
- enter two natural numbers to obtain the properties of the list:
  * the first parameter represents a starting number;
  * the second parameter shows how many consecutive numbers are to be printed;
- separate the parameters with one space;
- enter 0 to exit.

Enter a request:
> 386460647327324916 15
386460647327324916 is duck, gapful, even
386460647327324917 is buzz, duck, odd
386460647327324918 is duck, even
386460647327324919 is duck, odd
386460647327324920 is buzz, duck, even
386460647327324921 is duck, odd
386460647327324922 is duck, even
386460647327324923 is duck, odd
386460647327324924 is duck, even
386460647327324925 is duck, odd
386460647327324926 is duck, even
386460647327324927 is buzz, duck, gapful, odd
386460647327324928 is duck, even
386460647327324929 is duck, odd
386460647327324930 is duck, even

Enter a request:
> 0
Goodbye!
?[1;31m
Start test 28?[0m
Welcome to Amazing Numbers!

Supported requests:- enter a natural number to know its properties;
- enter two natural numbers to obtain the properties of the list:
  * the first parameter represents a starting number;
  * the second parameter shows how many consecutive numbers are to be printed;
- separate the parameters with one space;
- enter 0 to exit.

Enter a request:
> 6637357329447967817 1
6637357329447967817 is buzz, odd

Enter a request:
> 0
Goodbye!
]]></system-out>
  <system-err><![CDATA[]]></system-err>
</testsuite>
